This is pdfTeX, Version 3.14159265-2.6-1.40.17 (MiKTeX 2.9.6210 64-bit) (preloaded format=latex 2017.1.28)  28 JAN 2017 22:07
entering extended mode
**./main.tex
(main.tex
LaTeX2e <2017/01/01> patch level 1
Babel <3.9r> and hyphenation patterns for 75 language(s) loaded.
("D:\Program Files\MiKTeX 2.9\tex\latex\base\report.cls"
Document Class: report 2014/09/29 v1.4h Standard LaTeX document class
("D:\Program Files\MiKTeX 2.9\tex\latex\base\size12.clo"
File: size12.clo 2014/09/29 v1.4h Standard LaTeX file (size option)
)
\c@part=\count79
\c@chapter=\count80
\c@section=\count81
\c@subsection=\count82
\c@subsubsection=\count83
\c@paragraph=\count84
\c@subparagraph=\count85
\c@figure=\count86
\c@table=\count87
\abovecaptionskip=\skip41
\belowcaptionskip=\skip42
\bibindent=\dimen102
)
("D:\Program Files\MiKTeX 2.9\tex\generic\babel\babel.sty"
Package: babel 2016/04/23 3.9r The Babel package

*************************************
* Local config file bblopts.cfg used
*

(C:\Users\Mir-TahmasebiMattin\AppData\Roaming\MiKTeX\2.9\tex\latex\arabi\bblopt
s.cfg
File: bblopts.cfg 2005/09/08 v0.1 add Arabic and Farsi to "declared" options of
 babel
) ("D:\Program Files\MiKTeX 2.9\tex\latex\babel-english\english.ldf"
Language: english 2017/01/24 v3.3q English support from the babel system

("D:\Program Files\MiKTeX 2.9\tex\generic\babel\babel.def"
File: babel.def 2016/04/23 3.9r Babel common definitions
\babel@savecnt=\count88
\U@D=\dimen103
)
\l@canadian = a dialect from \language\l@american 
\l@australian = a dialect from \language\l@british 
\l@newzealand = a dialect from \language\l@british 
))
("D:\Program Files\MiKTeX 2.9\tex\latex\base\inputenc.sty"
Package: inputenc 2015/03/17 v1.2c Input encoding file
\inpenc@prehook=\toks14
\inpenc@posthook=\toks15

(C:\Users\Mir-TahmasebiMattin\AppData\Roaming\MiKTeX\2.9\tex\latex\ucs\utf8x.de
f
File: utf8x.def 2004/10/17 UCS: Input encoding UTF-8
))
(C:\Users\Mir-TahmasebiMattin\AppData\Roaming\MiKTeX\2.9\tex\latex\ucs\ucs.sty
Package: ucs 2013/05/11 v2.2 UCS: Unicode input support

(C:\Users\Mir-TahmasebiMattin\AppData\Roaming\MiKTeX\2.9\tex\latex\ucs\uni-glob
al.def
File: uni-global.def 2013/05/13 UCS: Unicode global data
)
\uc@secondtry=\count89
\uc@combtoks=\toks16
\uc@combtoksb=\toks17
\uc@temptokena=\toks18
) ("D:\Program Files\MiKTeX 2.9\tex\latex\amsmath\amsmath.sty"
Package: amsmath 2016/11/05 v2.16a AMS math features
\@mathmargin=\skip43

For additional information on amsmath, use the `?' option.
("D:\Program Files\MiKTeX 2.9\tex\latex\amsmath\amstext.sty"
Package: amstext 2000/06/29 v2.01 AMS text

("D:\Program Files\MiKTeX 2.9\tex\latex\amsmath\amsgen.sty"
File: amsgen.sty 1999/11/30 v2.0 generic functions
\@emptytoks=\toks19
\ex@=\dimen104
))
("D:\Program Files\MiKTeX 2.9\tex\latex\amsmath\amsbsy.sty"
Package: amsbsy 1999/11/29 v1.2d Bold Symbols
\pmbraise@=\dimen105
)
("D:\Program Files\MiKTeX 2.9\tex\latex\amsmath\amsopn.sty"
Package: amsopn 2016/03/08 v2.02 operator names
)
\inf@bad=\count90
LaTeX Info: Redefining \frac on input line 213.
\uproot@=\count91
\leftroot@=\count92
LaTeX Info: Redefining \overline on input line 375.
\classnum@=\count93
\DOTSCASE@=\count94
LaTeX Info: Redefining \ldots on input line 472.
LaTeX Info: Redefining \dots on input line 475.
LaTeX Info: Redefining \cdots on input line 596.
\Mathstrutbox@=\box26
\strutbox@=\box27
\big@size=\dimen106
LaTeX Font Info:    Redeclaring font encoding OML on input line 712.
LaTeX Font Info:    Redeclaring font encoding OMS on input line 713.
\macc@depth=\count95
\c@MaxMatrixCols=\count96
\dotsspace@=\muskip10
\c@parentequation=\count97
\dspbrk@lvl=\count98
\tag@help=\toks20
\row@=\count99
\column@=\count100
\maxfields@=\count101
\andhelp@=\toks21
\eqnshift@=\dimen107
\alignsep@=\dimen108
\tagshift@=\dimen109
\tagwidth@=\dimen110
\totwidth@=\dimen111
\lineht@=\dimen112
\@envbody=\toks22
\multlinegap=\skip44
\multlinetaggap=\skip45
\mathdisplay@stack=\toks23
LaTeX Info: Redefining \[ on input line 2817.
LaTeX Info: Redefining \] on input line 2818.
)
("D:\Program Files\MiKTeX 2.9\tex\latex\graphics\graphicx.sty"
Package: graphicx 2014/10/28 v1.0g Enhanced LaTeX Graphics (DPC,SPQR)

("D:\Program Files\MiKTeX 2.9\tex\latex\graphics\keyval.sty"
Package: keyval 2014/10/28 v1.15 key=value parser (DPC)
\KV@toks@=\toks24
)
("D:\Program Files\MiKTeX 2.9\tex\latex\graphics\graphics.sty"
Package: graphics 2016/10/09 v1.0u Standard LaTeX Graphics (DPC,SPQR)

("D:\Program Files\MiKTeX 2.9\tex\latex\graphics\trig.sty"
Package: trig 2016/01/03 v1.10 sin cos tan (DPC)
)
("D:\Program Files\MiKTeX 2.9\tex\latex\graphics-cfg\graphics.cfg"
File: graphics.cfg 2016/06/04 v1.11 sample graphics configuration
)
Package graphics Info: Driver file: dvips.def on input line 99.

("D:\Program Files\MiKTeX 2.9\tex\latex\graphics-def\dvips.def"
File: dvips.def 2016/07/10 v3.1a Driver-dependent file (DPC,SPQR)
))
\Gin@req@height=\dimen113
\Gin@req@width=\dimen114
)
("D:\Program Files\MiKTeX 2.9\tex\latex\float\float.sty"
Package: float 2001/11/08 v1.3d Float enhancements (AL)
\c@float@type=\count102
\float@exts=\toks25
\float@box=\box28
\@float@everytoks=\toks26
\@floatcapt=\box29
)
(C:\Users\Mir-TahmasebiMattin\AppData\Roaming\MiKTeX\2.9\tex\latex\todonotes\to
donotes.sty
Package: todonotes 2015/07/09 .dtx Todonotes source and documentation.
Package: todonotes 2012/07/25
 ("D:\Program Files\MiKTeX 2.9\tex\latex\base\ifthen.sty"
Package: ifthen 2014/09/29 v1.1c Standard LaTeX ifthen package (DPC)
)
("D:\Program Files\MiKTeX 2.9\tex\latex\xkeyval\xkeyval.sty"
Package: xkeyval 2014/12/03 v2.7a package option processing (HA)

("D:\Program Files\MiKTeX 2.9\tex\generic\xkeyval\xkeyval.tex"
("D:\Program Files\MiKTeX 2.9\tex\generic\xkeyval\xkvutils.tex"
\XKV@toks=\toks27
\XKV@tempa@toks=\toks28
)
\XKV@depth=\count103
File: xkeyval.tex 2014/12/03 v2.7a key=value parser (HA)
))
(C:\Users\Mir-TahmasebiMattin\AppData\Roaming\MiKTeX\2.9\tex\latex\xcolor\xcolo
r.sty
Package: xcolor 2016/05/11 v2.12 LaTeX color extensions (UK)
 ("D:\Program Files\MiKTeX 2.9\tex\latex\graphics-cfg\color.cfg"
File: color.cfg 2016/01/02 v1.6 sample color configuration
)
Package xcolor Info: Driver file: dvips.def on input line 225.
Package xcolor Info: Model `cmy' substituted by `cmy0' on input line 1348.
Package xcolor Info: Model `RGB' extended on input line 1364.
Package xcolor Info: Model `HTML' substituted by `rgb' on input line 1366.
Package xcolor Info: Model `Hsb' substituted by `hsb' on input line 1367.
Package xcolor Info: Model `tHsb' substituted by `hsb' on input line 1368.
Package xcolor Info: Model `HSB' substituted by `hsb' on input line 1369.
Package xcolor Info: Model `Gray' substituted by `gray' on input line 1370.
Package xcolor Info: Model `wave' substituted by `hsb' on input line 1371.
)
(C:\Users\Mir-TahmasebiMattin\AppData\Roaming\MiKTeX\2.9\tex\latex\pgf\frontend
layer\tikz.sty
(C:\Users\Mir-TahmasebiMattin\AppData\Roaming\MiKTeX\2.9\tex\latex\pgf\basiclay
er\pgf.sty
(C:\Users\Mir-TahmasebiMattin\AppData\Roaming\MiKTeX\2.9\tex\latex\pgf\utilitie
s\pgfrcs.sty
(C:\Users\Mir-TahmasebiMattin\AppData\Roaming\MiKTeX\2.9\tex\generic\pgf\utilit
ies\pgfutil-common.tex
\pgfutil@everybye=\toks29
\pgfutil@tempdima=\dimen115
\pgfutil@tempdimb=\dimen116

(C:\Users\Mir-TahmasebiMattin\AppData\Roaming\MiKTeX\2.9\tex\generic\pgf\utilit
ies\pgfutil-common-lists.tex))
(C:\Users\Mir-TahmasebiMattin\AppData\Roaming\MiKTeX\2.9\tex\generic\pgf\utilit
ies\pgfutil-latex.def
\pgfutil@abb=\box30

(C:\Users\Mir-TahmasebiMattin\AppData\Roaming\MiKTeX\2.9\tex\latex\ms\everyshi.
sty
Package: everyshi 2001/05/15 v3.00 EveryShipout Package (MS)
))
(C:\Users\Mir-TahmasebiMattin\AppData\Roaming\MiKTeX\2.9\tex\generic\pgf\utilit
ies\pgfrcs.code.tex
Package: pgfrcs 2015/08/07 v3.0.1a (rcs-revision 1.31)
))
Package: pgf 2015/08/07 v3.0.1a (rcs-revision 1.15)

(C:\Users\Mir-TahmasebiMattin\AppData\Roaming\MiKTeX\2.9\tex\latex\pgf\basiclay
er\pgfcore.sty
(C:\Users\Mir-TahmasebiMattin\AppData\Roaming\MiKTeX\2.9\tex\latex\pgf\systemla
yer\pgfsys.sty
(C:\Users\Mir-TahmasebiMattin\AppData\Roaming\MiKTeX\2.9\tex\generic\pgf\system
layer\pgfsys.code.tex
Package: pgfsys 2014/07/09 v3.0.1a (rcs-revision 1.48)

(C:\Users\Mir-TahmasebiMattin\AppData\Roaming\MiKTeX\2.9\tex\generic\pgf\utilit
ies\pgfkeys.code.tex
\pgfkeys@pathtoks=\toks30
\pgfkeys@temptoks=\toks31

(C:\Users\Mir-TahmasebiMattin\AppData\Roaming\MiKTeX\2.9\tex\generic\pgf\utilit
ies\pgfkeysfiltered.code.tex
\pgfkeys@tmptoks=\toks32
))
\pgf@x=\dimen117
\pgf@y=\dimen118
\pgf@xa=\dimen119
\pgf@ya=\dimen120
\pgf@xb=\dimen121
\pgf@yb=\dimen122
\pgf@xc=\dimen123
\pgf@yc=\dimen124
\w@pgf@writea=\write3
\r@pgf@reada=\read1
\c@pgf@counta=\count104
\c@pgf@countb=\count105
\c@pgf@countc=\count106
\c@pgf@countd=\count107
\t@pgf@toka=\toks33
\t@pgf@tokb=\toks34
\t@pgf@tokc=\toks35

(C:\Users\Mir-TahmasebiMattin\AppData\Roaming\MiKTeX\2.9\tex\generic\pgf\system
layer\pgf.cfg
File: pgf.cfg 2008/05/14  (rcs-revision 1.7)
)
Driver file for pgf: pgfsys-dvips.def

(C:\Users\Mir-TahmasebiMattin\AppData\Roaming\MiKTeX\2.9\tex\generic\pgf\system
layer\pgfsys-dvips.def
File: pgfsys-dvips.def 2014/07/09  (rcs-revision 1.25)

(C:\Users\Mir-TahmasebiMattin\AppData\Roaming\MiKTeX\2.9\tex\generic\pgf\system
layer\pgfsys-common-postscript.def
File: pgfsys-common-postscript.def 2008/10/01  (rcs-revision 1.22)
\pgf@objectcount=\count108
)))
(C:\Users\Mir-TahmasebiMattin\AppData\Roaming\MiKTeX\2.9\tex\generic\pgf\system
layer\pgfsyssoftpath.code.tex
File: pgfsyssoftpath.code.tex 2013/09/09  (rcs-revision 1.9)
\pgfsyssoftpath@smallbuffer@items=\count109
\pgfsyssoftpath@bigbuffer@items=\count110
)
(C:\Users\Mir-TahmasebiMattin\AppData\Roaming\MiKTeX\2.9\tex\generic\pgf\system
layer\pgfsysprotocol.code.tex
File: pgfsysprotocol.code.tex 2006/10/16  (rcs-revision 1.4)
))
(C:\Users\Mir-TahmasebiMattin\AppData\Roaming\MiKTeX\2.9\tex\generic\pgf\basicl
ayer\pgfcore.code.tex
Package: pgfcore 2010/04/11 v3.0.1a (rcs-revision 1.7)

(C:\Users\Mir-TahmasebiMattin\AppData\Roaming\MiKTeX\2.9\tex\generic\pgf\math\p
gfmath.code.tex
(C:\Users\Mir-TahmasebiMattin\AppData\Roaming\MiKTeX\2.9\tex\generic\pgf\math\p
gfmathcalc.code.tex
(C:\Users\Mir-TahmasebiMattin\AppData\Roaming\MiKTeX\2.9\tex\generic\pgf\math\p
gfmathutil.code.tex)
(C:\Users\Mir-TahmasebiMattin\AppData\Roaming\MiKTeX\2.9\tex\generic\pgf\math\p
gfmathparser.code.tex
\pgfmath@dimen=\dimen125
\pgfmath@count=\count111
\pgfmath@box=\box31
\pgfmath@toks=\toks36
\pgfmath@stack@operand=\toks37
\pgfmath@stack@operation=\toks38
)
(C:\Users\Mir-TahmasebiMattin\AppData\Roaming\MiKTeX\2.9\tex\generic\pgf\math\p
gfmathfunctions.code.tex
(C:\Users\Mir-TahmasebiMattin\AppData\Roaming\MiKTeX\2.9\tex\generic\pgf\math\p
gfmathfunctions.basic.code.tex)
(C:\Users\Mir-TahmasebiMattin\AppData\Roaming\MiKTeX\2.9\tex\generic\pgf\math\p
gfmathfunctions.trigonometric.code.tex)
(C:\Users\Mir-TahmasebiMattin\AppData\Roaming\MiKTeX\2.9\tex\generic\pgf\math\p
gfmathfunctions.random.code.tex)
(C:\Users\Mir-TahmasebiMattin\AppData\Roaming\MiKTeX\2.9\tex\generic\pgf\math\p
gfmathfunctions.comparison.code.tex)
(C:\Users\Mir-TahmasebiMattin\AppData\Roaming\MiKTeX\2.9\tex\generic\pgf\math\p
gfmathfunctions.base.code.tex)
(C:\Users\Mir-TahmasebiMattin\AppData\Roaming\MiKTeX\2.9\tex\generic\pgf\math\p
gfmathfunctions.round.code.tex)
(C:\Users\Mir-TahmasebiMattin\AppData\Roaming\MiKTeX\2.9\tex\generic\pgf\math\p
gfmathfunctions.misc.code.tex)
(C:\Users\Mir-TahmasebiMattin\AppData\Roaming\MiKTeX\2.9\tex\generic\pgf\math\p
gfmathfunctions.integerarithmetics.code.tex)))
(C:\Users\Mir-TahmasebiMattin\AppData\Roaming\MiKTeX\2.9\tex\generic\pgf\math\p
gfmathfloat.code.tex
\c@pgfmathroundto@lastzeros=\count112
))
(C:\Users\Mir-TahmasebiMattin\AppData\Roaming\MiKTeX\2.9\tex\generic\pgf\basicl
ayer\pgfcorepoints.code.tex
File: pgfcorepoints.code.tex 2013/10/07  (rcs-revision 1.27)
\pgf@picminx=\dimen126
\pgf@picmaxx=\dimen127
\pgf@picminy=\dimen128
\pgf@picmaxy=\dimen129
\pgf@pathminx=\dimen130
\pgf@pathmaxx=\dimen131
\pgf@pathminy=\dimen132
\pgf@pathmaxy=\dimen133
\pgf@xx=\dimen134
\pgf@xy=\dimen135
\pgf@yx=\dimen136
\pgf@yy=\dimen137
\pgf@zx=\dimen138
\pgf@zy=\dimen139
)
(C:\Users\Mir-TahmasebiMattin\AppData\Roaming\MiKTeX\2.9\tex\generic\pgf\basicl
ayer\pgfcorepathconstruct.code.tex
File: pgfcorepathconstruct.code.tex 2013/10/07  (rcs-revision 1.29)
\pgf@path@lastx=\dimen140
\pgf@path@lasty=\dimen141
)
(C:\Users\Mir-TahmasebiMattin\AppData\Roaming\MiKTeX\2.9\tex\generic\pgf\basicl
ayer\pgfcorepathusage.code.tex
File: pgfcorepathusage.code.tex 2014/11/02  (rcs-revision 1.24)
\pgf@shorten@end@additional=\dimen142
\pgf@shorten@start@additional=\dimen143
)
(C:\Users\Mir-TahmasebiMattin\AppData\Roaming\MiKTeX\2.9\tex\generic\pgf\basicl
ayer\pgfcorescopes.code.tex
File: pgfcorescopes.code.tex 2015/05/08  (rcs-revision 1.46)
\pgfpic=\box32
\pgf@hbox=\box33
\pgf@layerbox@main=\box34
\pgf@picture@serial@count=\count113
)
(C:\Users\Mir-TahmasebiMattin\AppData\Roaming\MiKTeX\2.9\tex\generic\pgf\basicl
ayer\pgfcoregraphicstate.code.tex
File: pgfcoregraphicstate.code.tex 2014/11/02  (rcs-revision 1.12)
\pgflinewidth=\dimen144
)
(C:\Users\Mir-TahmasebiMattin\AppData\Roaming\MiKTeX\2.9\tex\generic\pgf\basicl
ayer\pgfcoretransformations.code.tex
File: pgfcoretransformations.code.tex 2015/08/07  (rcs-revision 1.20)
\pgf@pt@x=\dimen145
\pgf@pt@y=\dimen146
\pgf@pt@temp=\dimen147
)
(C:\Users\Mir-TahmasebiMattin\AppData\Roaming\MiKTeX\2.9\tex\generic\pgf\basicl
ayer\pgfcorequick.code.tex
File: pgfcorequick.code.tex 2008/10/09  (rcs-revision 1.3)
)
(C:\Users\Mir-TahmasebiMattin\AppData\Roaming\MiKTeX\2.9\tex\generic\pgf\basicl
ayer\pgfcoreobjects.code.tex
File: pgfcoreobjects.code.tex 2006/10/11  (rcs-revision 1.2)
)
(C:\Users\Mir-TahmasebiMattin\AppData\Roaming\MiKTeX\2.9\tex\generic\pgf\basicl
ayer\pgfcorepathprocessing.code.tex
File: pgfcorepathprocessing.code.tex 2013/09/09  (rcs-revision 1.9)
)
(C:\Users\Mir-TahmasebiMattin\AppData\Roaming\MiKTeX\2.9\tex\generic\pgf\basicl
ayer\pgfcorearrows.code.tex
File: pgfcorearrows.code.tex 2015/05/14  (rcs-revision 1.43)
\pgfarrowsep=\dimen148
)
(C:\Users\Mir-TahmasebiMattin\AppData\Roaming\MiKTeX\2.9\tex\generic\pgf\basicl
ayer\pgfcoreshade.code.tex
File: pgfcoreshade.code.tex 2013/07/15  (rcs-revision 1.15)
\pgf@max=\dimen149
\pgf@sys@shading@range@num=\count114
)
(C:\Users\Mir-TahmasebiMattin\AppData\Roaming\MiKTeX\2.9\tex\generic\pgf\basicl
ayer\pgfcoreimage.code.tex
File: pgfcoreimage.code.tex 2013/07/15  (rcs-revision 1.18)

(C:\Users\Mir-TahmasebiMattin\AppData\Roaming\MiKTeX\2.9\tex\generic\pgf\basicl
ayer\pgfcoreexternal.code.tex
File: pgfcoreexternal.code.tex 2014/07/09  (rcs-revision 1.21)
\pgfexternal@startupbox=\box35
))
(C:\Users\Mir-TahmasebiMattin\AppData\Roaming\MiKTeX\2.9\tex\generic\pgf\basicl
ayer\pgfcorelayers.code.tex
File: pgfcorelayers.code.tex 2013/07/18  (rcs-revision 1.7)
)
(C:\Users\Mir-TahmasebiMattin\AppData\Roaming\MiKTeX\2.9\tex\generic\pgf\basicl
ayer\pgfcoretransparency.code.tex
File: pgfcoretransparency.code.tex 2013/09/30  (rcs-revision 1.5)
)
(C:\Users\Mir-TahmasebiMattin\AppData\Roaming\MiKTeX\2.9\tex\generic\pgf\basicl
ayer\pgfcorepatterns.code.tex
File: pgfcorepatterns.code.tex 2013/11/07  (rcs-revision 1.5)
)))
(C:\Users\Mir-TahmasebiMattin\AppData\Roaming\MiKTeX\2.9\tex\generic\pgf\module
s\pgfmoduleshapes.code.tex
File: pgfmoduleshapes.code.tex 2014/03/21  (rcs-revision 1.35)
\pgfnodeparttextbox=\box36
)
(C:\Users\Mir-TahmasebiMattin\AppData\Roaming\MiKTeX\2.9\tex\generic\pgf\module
s\pgfmoduleplot.code.tex
File: pgfmoduleplot.code.tex 2015/08/03  (rcs-revision 1.13)
)
(C:\Users\Mir-TahmasebiMattin\AppData\Roaming\MiKTeX\2.9\tex\latex\pgf\compatib
ility\pgfcomp-version-0-65.sty
Package: pgfcomp-version-0-65 2007/07/03 v3.0.1a (rcs-revision 1.7)
\pgf@nodesepstart=\dimen150
\pgf@nodesepend=\dimen151
)
(C:\Users\Mir-TahmasebiMattin\AppData\Roaming\MiKTeX\2.9\tex\latex\pgf\compatib
ility\pgfcomp-version-1-18.sty
Package: pgfcomp-version-1-18 2007/07/23 v3.0.1a (rcs-revision 1.1)
))
(C:\Users\Mir-TahmasebiMattin\AppData\Roaming\MiKTeX\2.9\tex\latex\pgf\utilitie
s\pgffor.sty
(C:\Users\Mir-TahmasebiMattin\AppData\Roaming\MiKTeX\2.9\tex\latex\pgf\utilitie
s\pgfkeys.sty
(C:\Users\Mir-TahmasebiMattin\AppData\Roaming\MiKTeX\2.9\tex\generic\pgf\utilit
ies\pgfkeys.code.tex))
(C:\Users\Mir-TahmasebiMattin\AppData\Roaming\MiKTeX\2.9\tex\latex\pgf\math\pgf
math.sty
(C:\Users\Mir-TahmasebiMattin\AppData\Roaming\MiKTeX\2.9\tex\generic\pgf\math\p
gfmath.code.tex))
(C:\Users\Mir-TahmasebiMattin\AppData\Roaming\MiKTeX\2.9\tex\generic\pgf\utilit
ies\pgffor.code.tex
Package: pgffor 2013/12/13 v3.0.1a (rcs-revision 1.25)

(C:\Users\Mir-TahmasebiMattin\AppData\Roaming\MiKTeX\2.9\tex\generic\pgf\math\p
gfmath.code.tex)
\pgffor@iter=\dimen152
\pgffor@skip=\dimen153
\pgffor@stack=\toks39
\pgffor@toks=\toks40
))
(C:\Users\Mir-TahmasebiMattin\AppData\Roaming\MiKTeX\2.9\tex\generic\pgf\fronte
ndlayer\tikz\tikz.code.tex
Package: tikz 2015/08/07 v3.0.1a (rcs-revision 1.151)

(C:\Users\Mir-TahmasebiMattin\AppData\Roaming\MiKTeX\2.9\tex\generic\pgf\librar
ies\pgflibraryplothandlers.code.tex
File: pgflibraryplothandlers.code.tex 2013/08/31 v3.0.1a (rcs-revision 1.20)
\pgf@plot@mark@count=\count115
\pgfplotmarksize=\dimen154
)
\tikz@lastx=\dimen155
\tikz@lasty=\dimen156
\tikz@lastxsaved=\dimen157
\tikz@lastysaved=\dimen158
\tikzleveldistance=\dimen159
\tikzsiblingdistance=\dimen160
\tikz@figbox=\box37
\tikz@figbox@bg=\box38
\tikz@tempbox=\box39
\tikz@tempbox@bg=\box40
\tikztreelevel=\count116
\tikznumberofchildren=\count117
\tikznumberofcurrentchild=\count118
\tikz@fig@count=\count119

(C:\Users\Mir-TahmasebiMattin\AppData\Roaming\MiKTeX\2.9\tex\generic\pgf\module
s\pgfmodulematrix.code.tex
File: pgfmodulematrix.code.tex 2013/09/17  (rcs-revision 1.8)
\pgfmatrixcurrentrow=\count120
\pgfmatrixcurrentcolumn=\count121
\pgf@matrix@numberofcolumns=\count122
)
\tikz@expandcount=\count123

(C:\Users\Mir-TahmasebiMattin\AppData\Roaming\MiKTeX\2.9\tex\generic\pgf\fronte
ndlayer\tikz\libraries\tikzlibrarytopaths.code.tex
File: tikzlibrarytopaths.code.tex 2008/06/17 v3.0.1a (rcs-revision 1.2)
)))
(C:\Users\Mir-TahmasebiMattin\AppData\Roaming\MiKTeX\2.9\tex\generic\pgf\fronte
ndlayer\tikz\libraries\tikzlibrarypositioning.code.tex
File: tikzlibrarypositioning.code.tex 2008/10/06 v3.0.1a (rcs-revision 1.7)
)
("D:\Program Files\MiKTeX 2.9\tex\latex\tools\calc.sty"
Package: calc 2014/10/28 v4.3 Infix arithmetic (KKT,FJ)
\calc@Acount=\count124
\calc@Bcount=\count125
\calc@Adimen=\dimen161
\calc@Bdimen=\dimen162
\calc@Askip=\skip46
\calc@Bskip=\skip47
LaTeX Info: Redefining \setlength on input line 80.
LaTeX Info: Redefining \addtolength on input line 81.
\calc@Ccount=\count126
\calc@Cskip=\skip48
)
\c@@todonotes@numberoftodonotes=\count127
)
(C:\Users\Mir-TahmasebiMattin\AppData\Roaming\MiKTeX\2.9\tex\latex\cite\cite.st
y
LaTeX Info: Redefining \cite on input line 302.
LaTeX Info: Redefining \nocite on input line 332.
Package: cite 2015/02/27  v 5.5
)
(C:\Users\Mir-TahmasebiMattin\AppData\Roaming\MiKTeX\2.9\tex\latex\url\url.sty
\Urlmuskip=\muskip11
Package: url 2013/09/16  ver 3.4  Verb mode for urls, etc.
) ("D:\Program Files\MiKTeX 2.9\tex\latex\geometry\geometry.sty"
Package: geometry 2010/09/12 v5.6 Page Geometry

("D:\Program Files\MiKTeX 2.9\tex\generic\oberdiek\ifpdf.sty"
Package: ifpdf 2016/05/14 v3.1 Provides the ifpdf switch
)
("D:\Program Files\MiKTeX 2.9\tex\generic\oberdiek\ifvtex.sty"
Package: ifvtex 2016/05/16 v1.6 Detect VTeX and its facilities (HO)
Package ifvtex Info: VTeX not detected.
)
("D:\Program Files\MiKTeX 2.9\tex\generic\ifxetex\ifxetex.sty"
Package: ifxetex 2010/09/12 v0.6 Provides ifxetex conditional
)
\Gm@cnth=\count128
\Gm@cntv=\count129
\c@Gm@tempcnt=\count130
\Gm@bindingoffset=\dimen163
\Gm@wd@mp=\dimen164
\Gm@odd@mp=\dimen165
\Gm@even@mp=\dimen166
\Gm@layoutwidth=\dimen167
\Gm@layoutheight=\dimen168
\Gm@layouthoffset=\dimen169
\Gm@layoutvoffset=\dimen170
\Gm@dimlist=\toks41

("D:\Program Files\MiKTeX 2.9\tex\latex\geometry\geometry.cfg"))
No file main.aux.
\openout1 = `main.aux'.

LaTeX Font Info:    Checking defaults for OML/cmm/m/it on input line 18.
LaTeX Font Info:    ... okay on input line 18.
LaTeX Font Info:    Checking defaults for T1/cmr/m/n on input line 18.
LaTeX Font Info:    ... okay on input line 18.
LaTeX Font Info:    Checking defaults for OT1/cmr/m/n on input line 18.
LaTeX Font Info:    ... okay on input line 18.
LaTeX Font Info:    Checking defaults for OMS/cmsy/m/n on input line 18.
LaTeX Font Info:    ... okay on input line 18.
LaTeX Font Info:    Checking defaults for OMX/cmex/m/n on input line 18.
LaTeX Font Info:    ... okay on input line 18.
LaTeX Font Info:    Checking defaults for U/cmr/m/n on input line 18.
LaTeX Font Info:    ... okay on input line 18.

(C:\Users\Mir-TahmasebiMattin\AppData\Roaming\MiKTeX\2.9\tex\latex\ucs\ucsencs.
def
File: ucsencs.def 2011/01/21 Fixes to fontencodings LGR, T3
) ABD: EveryShipout initializing macros
*geometry* driver: auto-detecting
*geometry* detected driver: dvips
*geometry* verbose mode - [ preamble ] result:
* driver: dvips
* paper: <default>
* layout: <same size as paper>
* layoutoffset:(h,v)=(0.0pt,0.0pt)
* modes: 
* h-part:(L,W,R)=(72.26999pt, 469.75502pt, 72.26999pt)
* v-part:(T,H,B)=(72.26999pt, 650.43001pt, 72.26999pt)
* \paperwidth=614.295pt
* \paperheight=794.96999pt
* \textwidth=469.75502pt
* \textheight=650.43001pt
* \oddsidemargin=0.0pt
* \evensidemargin=0.0pt
* \topmargin=-37.0pt
* \headheight=12.0pt
* \headsep=25.0pt
* \topskip=12.0pt
* \footskip=30.0pt
* \marginparwidth=44.0pt
* \marginparsep=10.0pt
* \columnsep=10.0pt
* \skip\footins=10.8pt plus 4.0pt minus 2.0pt
* \hoffset=0.0pt
* \voffset=0.0pt
* \mag=1000
* \@twocolumnfalse
* \@twosidefalse
* \@mparswitchfalse
* \@reversemarginfalse
* (1in=72.27pt=25.4mm, 1cm=28.453pt)


! LaTeX Error: Cannot determine size of graphic in ImperialCrest.jpg (no Boundi
ngBox).

See the LaTeX manual or LaTeX Companion for explanation.
Type  H <return>  for immediate help.
 ...                                              
                                                  
l.68 ...cs[width=0.5\textwidth]{ImperialCrest.jpg}
                                                  \\[1cm] % Include a depart...

Try typing  <return>  to proceed.
If that doesn't work, type  X <return>  to quit.

File: ImperialCrest.jpg Graphic file (type eps)
<ImperialCrest.jpg> [1

] [1]
No file main.toc.
\tf@toc=\write4
\openout4 = `main.toc'.

[1

] (sections/project_specification.tex
Chapter 1.
LaTeX Font Info:    Try loading font information for OMS+cmr on input line 5.
("D:\Program Files\MiKTeX 2.9\tex\latex\base\omscmr.fd"
File: omscmr.fd 2014/09/29 v2.5h Standard LaTeX font definitions
)
LaTeX Font Info:    Font shape `OMS/cmr/m/n' in size <8> not available
(Font)              Font shape `OMS/cmsy/m/n' tried instead on input line 5.


LaTeX Warning: Citation `TheCuise14:online' on page 1 undefined on input line 5
.


LaTeX Warning: Citation `Mathemat26:online' on page 1 undefined on input line 5
.


! LaTeX Error: Cannot determine size of graphic in rods.JPG (no BoundingBox).

See the LaTeX manual or LaTeX Companion for explanation.
Type  H <return>  for immediate help.
 ...                                              
                                                  
l.8 ...udegraphics[width=0.75\textwidth]{rods.JPG}
                                                  
Try typing  <return>  to proceed.
If that doesn't work, type  X <return>  to quit.

File: rods.JPG Graphic file (type eps)
<rods.JPG>

LaTeX Warning: Citation `24Lesnom77:online' on page 1 undefined on input line 1
0.


LaTeX Warning: `h' float specifier changed to `ht'.


LaTeX Warning: Reference `fig:rods' on page 1 undefined on input line 14.


Underfull \hbox (badness 10000) in paragraph at lines 14--15

 []


Underfull \hbox (badness 10000) in paragraph at lines 16--17

 []


Underfull \hbox (badness 10000) in paragraph at lines 18--19

 []

) (sections/background.tex [1

] [2]
Chapter 2.
) (sections/design_choices.tex [3

]
Chapter 3.

Underfull \hbox (badness 10000) in paragraph at lines 7--8

 []


Underfull \hbox (badness 10000) in paragraph at lines 9--10

 []


(C:\Users\Mir-TahmasebiMattin\AppData\Roaming\MiKTeX\2.9\tex\latex\ucs\uni-32.d
ef
File: uni-32.def 2013/05/13 UCS: Unicode data U+2000..U+20FF
)
Underfull \hbox (badness 10000) in paragraph at lines 11--12

 []


Underfull \hbox (badness 10000) in paragraph at lines 13--14

 []

[4

]
Underfull \hbox (badness 10000) in paragraph at lines 15--16

 []


LaTeX Warning: Reference `sec:complexity' on page 5 undefined on input line 23.



Underfull \hbox (badness 10000) in paragraph at lines 23--24

 []


Underfull \hbox (badness 10000) in paragraph at lines 30--31

 []


Underfull \hbox (badness 10000) in paragraph at lines 35--36

 []


LaTeX Warning: Citation `ref:loadsensor' on page 5 undefined on input line 37.


Underfull \hbox (badness 10000) in paragraph at lines 37--38

 []

[5]

LaTeX Warning: Citation `MICROSWI18:online' on page 6 undefined on input line 3
9.


Underfull \hbox (badness 10000) in paragraph at lines 39--40

 []


Underfull \hbox (badness 10000) in paragraph at lines 41--43

 []


Underfull \hbox (badness 10000) in paragraph at lines 49--50

 []


LaTeX Warning: Citation `Permanen88:online' on page 6 undefined on input line 5
4.


Underfull \hbox (badness 10000) in paragraph at lines 54--55

 []


Underfull \hbox (badness 10000) in paragraph at lines 56--57

 []


Underfull \hbox (badness 10000) in paragraph at lines 58--59

 []


Underfull \hbox (badness 10000) in paragraph at lines 60--62

 []


Underfull \hbox (badness 10000) in paragraph at lines 68--69

 []


Underfull \hbox (badness 10000) in paragraph at lines 73--74

 []


(C:\Users\Mir-TahmasebiMattin\AppData\Roaming\MiKTeX\2.9\tex\latex\ucs\uni-0.de
f
File: uni-0.def 2013/05/13 UCS: Unicode data U+0000..U+00FF
)

LaTeX Warning: Citation `RITRPR9U23:online' on page 6 undefined on input line 7
5.


Underfull \hbox (badness 10000) in paragraph at lines 75--76

 []

[6]
Underfull \hbox (badness 10000) in paragraph at lines 77--78

 []


Underfull \hbox (badness 10000) in paragraph at lines 79--81

 []


Underfull \hbox (badness 10000) in paragraph at lines 88--89

 []


Underfull \hbox (badness 10000) in paragraph at lines 93--94

 []


LaTeX Warning: Citation `KPS5130P52:online' on page 7 undefined on input line 9
5.


LaTeX Warning: Citation `L154A4SU86:online' on page 7 undefined on input line 9
5.


Underfull \hbox (badness 10000) in paragraph at lines 95--96

 []


Underfull \hbox (badness 10000) in paragraph at lines 97--98

 []


Underfull \hbox (badness 10000) in paragraph at lines 99--101

 []


Underfull \hbox (badness 10000) in paragraph at lines 107--108

 []


Underfull \hbox (badness 10000) in paragraph at lines 112--113

 []

[7]

LaTeX Warning: Citation `CFR25J1024:online' on page 8 undefined on input line 1
14.


Underfull \hbox (badness 10000) in paragraph at lines 114--115

 []


Underfull \hbox (badness 10000) in paragraph at lines 116--117

 []


Underfull \hbox (badness 10000) in paragraph at lines 118--120

 []


LaTeX Warning: Citation `ArduinoH73:online' on page 8 undefined on input line 1
33.


LaTeX Warning: Reference `fig:simple_resistor' on page 8 undefined on input lin
e 136.


! LaTeX Error: Cannot determine size of graphic in simple_resistor_chain.jpg (n
o BoundingBox).

See the LaTeX manual or LaTeX Companion for explanation.
Type  H <return>  for immediate help.
 ...                                              
                                                  
l.140 ....75\textwidth]{simple_resistor_chain.jpg}
                                                  \\
Try typing  <return>  to proceed.
If that doesn't work, type  X <return>  to quit.

File: simple_resistor_chain.jpg Graphic file (type eps)
<simple_resistor_chain.jpg> [8]) (sections/implementation_plan.tex [9]
Chapter 4.
) (sections/evaluation_plan.tex)
No file main.bbl.
[10

] (main.aux)

LaTeX Warning: There were undefined references.


LaTeX Warning: Label(s) may have changed. Rerun to get cross-references right.

 ) 
Here is how much of TeX's memory you used:
 13868 strings out of 493334
 270239 string characters out of 3139178
 317997 words of memory out of 3000000
 17111 multiletter control sequences out of 15000+200000
 11652 words of font info for 41 fonts, out of 3000000 for 9000
 1141 hyphenation exceptions out of 8191
 62i,12n,76p,4576b,710s stack positions out of 5000i,500n,10000p,200000b,50000s

Output written on main.dvi (13 pages, 31580 bytes).
